2024-03-05T23:24:07.992643+00:00 INFO 'ansible_navigator.setup_logger' New ansible-navigator instance, logging initialized
2024-03-05T23:24:07.992906+00:00 INFO 'ansible_navigator.setup_logger' New ansible-runner instance, logging initialized
2024-03-05T23:24:07.992999+00:00 DEBUG 'ansible_navigator.main' Jinja2==3.1.3 
2024-03-05T23:24:07.993068+00:00 DEBUG 'ansible_navigator.main' MarkupSafe==2.1.5 
2024-03-05T23:24:07.993096+00:00 DEBUG 'ansible_navigator.main' Parsley==1.3 
2024-03-05T23:24:07.993123+00:00 DEBUG 'ansible_navigator.main' PyYAML==6.0.1 
2024-03-05T23:24:07.993146+00:00 DEBUG 'ansible_navigator.main' Pygments==2.17.2 
2024-03-05T23:24:07.993168+00:00 DEBUG 'ansible_navigator.main' ansible-builder==3.0.0 
2024-03-05T23:24:07.993191+00:00 DEBUG 'ansible_navigator.main' ansible-compat==4.1.11 
2024-03-05T23:24:07.993212+00:00 DEBUG 'ansible_navigator.main' ansible-core==2.16.3 
2024-03-05T23:24:07.993234+00:00 DEBUG 'ansible_navigator.main' ansible-lint==24.2.0 
2024-03-05T23:24:07.993256+00:00 DEBUG 'ansible_navigator.main' ansible-navigator==24.2.0 
2024-03-05T23:24:07.993278+00:00 DEBUG 'ansible_navigator.main' ansible-runner==2.3.5 
2024-03-05T23:24:07.993300+00:00 DEBUG 'ansible_navigator.main' attrs==23.2.0 /var/home/chris/.local/pipx/venvs/ansible-navigator/lib64/python3.12/site-packages/attrs/__init__.py
2024-03-05T23:24:07.993321+00:00 DEBUG 'ansible_navigator.main' bindep==2.11.0 /var/home/chris/.local/pipx/venvs/ansible-navigator/lib64/python3.12/site-packages/bindep/__init__.py
2024-03-05T23:24:07.993343+00:00 DEBUG 'ansible_navigator.main' black==24.2.0 /var/home/chris/.local/pipx/venvs/ansible-navigator/lib64/python3.12/site-packages/black/__init__.cpython-312-x86_64-linux-gnu.so
2024-03-05T23:24:07.993364+00:00 DEBUG 'ansible_navigator.main' bracex==2.4 /var/home/chris/.local/pipx/venvs/ansible-navigator/lib64/python3.12/site-packages/bracex/__init__.py
2024-03-05T23:24:07.993385+00:00 DEBUG 'ansible_navigator.main' cffi==1.16.0 /var/home/chris/.local/pipx/venvs/ansible-navigator/lib64/python3.12/site-packages/cffi/__init__.py
2024-03-05T23:24:07.993406+00:00 DEBUG 'ansible_navigator.main' click==8.1.7 /var/home/chris/.local/pipx/venvs/ansible-navigator/lib64/python3.12/site-packages/click/__init__.py
2024-03-05T23:24:07.993427+00:00 DEBUG 'ansible_navigator.main' cryptography==42.0.3 /var/home/chris/.local/pipx/venvs/ansible-navigator/lib64/python3.12/site-packages/cryptography/__init__.py
2024-03-05T23:24:07.993448+00:00 DEBUG 'ansible_navigator.main' distro==1.9.0 /var/home/chris/.local/pipx/venvs/ansible-navigator/lib64/python3.12/site-packages/distro/__init__.py
2024-03-05T23:24:07.993469+00:00 DEBUG 'ansible_navigator.main' docutils==0.20.1 /var/home/chris/.local/pipx/venvs/ansible-navigator/lib64/python3.12/site-packages/docutils/__init__.py
2024-03-05T23:24:07.993490+00:00 DEBUG 'ansible_navigator.main' filelock==3.13.1 /var/home/chris/.local/pipx/venvs/ansible-navigator/lib64/python3.12/site-packages/filelock/__init__.py
2024-03-05T23:24:07.993511+00:00 DEBUG 'ansible_navigator.main' jsonschema-specifications==2023.12.1 
2024-03-05T23:24:07.993532+00:00 DEBUG 'ansible_navigator.main' jsonschema==4.21.1 /var/home/chris/.local/pipx/venvs/ansible-navigator/lib64/python3.12/site-packages/jsonschema/__init__.py
2024-03-05T23:24:07.993552+00:00 DEBUG 'ansible_navigator.main' lockfile==0.12.2 /var/home/chris/.local/pipx/venvs/ansible-navigator/lib64/python3.12/site-packages/lockfile/__init__.py
2024-03-05T23:24:07.993574+00:00 DEBUG 'ansible_navigator.main' markdown-it-py==3.0.0 
2024-03-05T23:24:07.993595+00:00 DEBUG 'ansible_navigator.main' mdurl==0.1.2 /var/home/chris/.local/pipx/venvs/ansible-navigator/lib64/python3.12/site-packages/mdurl/__init__.py
2024-03-05T23:24:07.993617+00:00 DEBUG 'ansible_navigator.main' mypy-extensions==1.0.0 
2024-03-05T23:24:07.993638+00:00 DEBUG 'ansible_navigator.main' onigurumacffi==1.3.0 /var/home/chris/.local/pipx/venvs/ansible-navigator/lib64/python3.12/site-packages/onigurumacffi.py
2024-03-05T23:24:07.993658+00:00 DEBUG 'ansible_navigator.main' packaging==23.2 /var/home/chris/.local/pipx/venvs/ansible-navigator/lib64/python3.12/site-packages/packaging/__init__.py
2024-03-05T23:24:07.993687+00:00 DEBUG 'ansible_navigator.main' pathspec==0.12.1 /var/home/chris/.local/pipx/venvs/ansible-navigator/lib64/python3.12/site-packages/pathspec/__init__.py
2024-03-05T23:24:07.993710+00:00 DEBUG 'ansible_navigator.main' pbr==6.0.0 /var/home/chris/.local/pipx/venvs/ansible-navigator/lib64/python3.12/site-packages/pbr/__init__.py
2024-03-05T23:24:07.993731+00:00 DEBUG 'ansible_navigator.main' pexpect==4.9.0 /var/home/chris/.local/pipx/venvs/ansible-navigator/lib64/python3.12/site-packages/pexpect/__init__.py
2024-03-05T23:24:07.993751+00:00 DEBUG 'ansible_navigator.main' pip==24.0 /var/home/chris/.local/pipx/shared/lib/python3.12/site-packages/pip/__init__.py
2024-03-05T23:24:07.993772+00:00 DEBUG 'ansible_navigator.main' platformdirs==4.2.0 /var/home/chris/.local/pipx/venvs/ansible-navigator/lib64/python3.12/site-packages/platformdirs/__init__.py
2024-03-05T23:24:07.993793+00:00 DEBUG 'ansible_navigator.main' ptyprocess==0.7.0 /var/home/chris/.local/pipx/venvs/ansible-navigator/lib64/python3.12/site-packages/ptyprocess/__init__.py
2024-03-05T23:24:07.993813+00:00 DEBUG 'ansible_navigator.main' pycparser==2.21 /var/home/chris/.local/pipx/venvs/ansible-navigator/lib64/python3.12/site-packages/pycparser/__init__.py
2024-03-05T23:24:07.993834+00:00 DEBUG 'ansible_navigator.main' python-daemon==3.0.1 
2024-03-05T23:24:07.993854+00:00 DEBUG 'ansible_navigator.main' referencing==0.33.0 /var/home/chris/.local/pipx/venvs/ansible-navigator/lib64/python3.12/site-packages/referencing/__init__.py
2024-03-05T23:24:07.993876+00:00 DEBUG 'ansible_navigator.main' requirements-parser==0.5.0 
2024-03-05T23:24:07.993896+00:00 DEBUG 'ansible_navigator.main' resolvelib==1.0.1 /var/home/chris/.local/pipx/venvs/ansible-navigator/lib64/python3.12/site-packages/resolvelib/__init__.py
2024-03-05T23:24:07.993917+00:00 DEBUG 'ansible_navigator.main' rich==13.7.0 /var/home/chris/.local/pipx/venvs/ansible-navigator/lib64/python3.12/site-packages/rich/__init__.py
2024-03-05T23:24:07.993937+00:00 DEBUG 'ansible_navigator.main' rpds-py==0.18.0 
2024-03-05T23:24:07.993990+00:00 DEBUG 'ansible_navigator.main' ruamel.yaml.clib==0.2.8 
2024-03-05T23:24:07.994045+00:00 DEBUG 'ansible_navigator.main' ruamel.yaml==0.18.6 /var/home/chris/.local/pipx/venvs/ansible-navigator/lib64/python3.12/site-packages/ruamel/yaml/__init__.py
2024-03-05T23:24:07.994066+00:00 DEBUG 'ansible_navigator.main' setuptools==69.1.0 /var/home/chris/.local/pipx/venvs/ansible-navigator/lib64/python3.12/site-packages/setuptools/__init__.py
2024-03-05T23:24:07.994087+00:00 DEBUG 'ansible_navigator.main' six==1.16.0 /var/home/chris/.local/pipx/venvs/ansible-navigator/lib64/python3.12/site-packages/six.py
2024-03-05T23:24:07.994107+00:00 DEBUG 'ansible_navigator.main' subprocess-tee==0.4.1 
2024-03-05T23:24:07.994128+00:00 DEBUG 'ansible_navigator.main' types-setuptools==69.1.0.20240215 
2024-03-05T23:24:07.994148+00:00 DEBUG 'ansible_navigator.main' tzdata==2024.1 /var/home/chris/.local/pipx/venvs/ansible-navigator/lib64/python3.12/site-packages/tzdata/__init__.py
2024-03-05T23:24:07.994169+00:00 DEBUG 'ansible_navigator.main' wcmatch==8.5 /var/home/chris/.local/pipx/venvs/ansible-navigator/lib64/python3.12/site-packages/wcmatch/__init__.py
2024-03-05T23:24:07.994190+00:00 DEBUG 'ansible_navigator.main' yamllint==1.35.0 /var/home/chris/.local/pipx/venvs/ansible-navigator/lib64/python3.12/site-packages/yamllint/__init__.py
2024-03-05T23:24:07.994211+00:00 DEBUG 'ansible_navigator.main' Default collection_doc_cache_path set to: /var/home/chris/.cache/ansible-navigator/collection_doc_cache.db
2024-03-05T23:24:07.994233+00:00 DEBUG 'ansible_navigator.main' EDITOR environment variable set as '/usr/bin/nvim'
2024-03-05T23:24:07.994254+00:00 DEBUG 'ansible_navigator.main' Default editor_command set to: /usr/bin/nvim {filename}
2024-03-05T23:24:07.994275+00:00 DEBUG 'ansible_navigator.main' No config file set by ANSIBLE_NAVIGATOR_CONFIG
2024-03-05T23:24:07.994296+00:00 DEBUG 'ansible_navigator.main' Looking in /var/home/chris
2024-03-05T23:24:07.994324+00:00 DEBUG 'ansible_navigator.main' Looking for '/var/home/chris/.ansible-navigator.yml', '/var/home/chris/.ansible-navigator.yaml' and '/var/home/chris/.ansible-navigator.json'
2024-03-05T23:24:07.994347+00:00 DEBUG 'ansible_navigator.main' Found 1: '/var/home/chris/.ansible-navigator.yaml'
2024-03-05T23:24:07.994369+00:00 DEBUG 'ansible_navigator.main' Looking in /var/home/chris/Projects/ansible-for-devops/09_-_ansible_cookbooks/lamp-infrastructure
2024-03-05T23:24:07.994389+00:00 DEBUG 'ansible_navigator.main' Looking for '/var/home/chris/Projects/ansible-for-devops/09_-_ansible_cookbooks/lamp-infrastructure/ansible-navigator.yml', '/var/home/chris/Projects/ansible-for-devops/09_-_ansible_cookbooks/lamp-infrastructure/ansible-navigator.yaml' and '/var/home/chris/Projects/ansible-for-devops/09_-_ansible_cookbooks/lamp-infrastructure/ansible-navigator.json'
2024-03-05T23:24:07.994411+00:00 DEBUG 'ansible_navigator.main' Found 0: 
2024-03-05T23:24:07.994431+00:00 DEBUG 'ansible_navigator.main' All found 1: '/var/home/chris/.ansible-navigator.yaml'
2024-03-05T23:24:07.994452+00:00 DEBUG 'ansible_navigator.main' Using: /var/home/chris/.ansible-navigator.yaml
2024-03-05T23:24:07.994473+00:00 DEBUG 'ansible_navigator.main' Using settings file at /var/home/chris/.ansible-navigator.yaml in search path
2024-03-05T23:24:07.994494+00:00 DEBUG 'ansible_navigator.main' Command provided: '--mode stdout doc'
2024-03-05T23:24:07.994515+00:00 DEBUG 'ansible_navigator.main' ansible-navigator.ansible-runner.artifact-dir not found in settings file
2024-03-05T23:24:07.994535+00:00 DEBUG 'ansible_navigator.main' ansible-navigator.ansible-runner.rotate-artifacts-count not found in settings file
2024-03-05T23:24:07.994556+00:00 DEBUG 'ansible_navigator.main' ansible-navigator.ansible-runner.timeout not found in settings file
2024-03-05T23:24:07.994577+00:00 DEBUG 'ansible_navigator.main' ansible-navigator.ansible-runner.job-events not found in settings file
2024-03-05T23:24:07.994597+00:00 DEBUG 'ansible_navigator.main' ansible-navigator.app not found in settings file
2024-03-05T23:24:07.994617+00:00 DEBUG 'ansible_navigator.main' ansible-navigator.ansible.cmdline not found in settings file
2024-03-05T23:24:07.994638+00:00 DEBUG 'ansible_navigator.main' ansible-navigator.collection-doc-cache-path not found in settings file
2024-03-05T23:24:07.994658+00:00 DEBUG 'ansible_navigator.main' ansible-navigator.ansible.config.path not found in settings file
2024-03-05T23:24:07.994679+00:00 DEBUG 'ansible_navigator.main' ansible-navigator.execution-environment.container-engine not found in settings file
2024-03-05T23:24:07.994699+00:00 DEBUG 'ansible_navigator.main' ansible-navigator.execution-environment.container-options not found in settings file
2024-03-05T23:24:07.994720+00:00 DEBUG 'ansible_navigator.main' ansible-navigator.editor.command not found in settings file
2024-03-05T23:24:07.994740+00:00 DEBUG 'ansible_navigator.main' ansible-navigator.editor.console not found in settings file
2024-03-05T23:24:07.994760+00:00 DEBUG 'ansible_navigator.main' ansible-navigator.enable-prompts not found in settings file
2024-03-05T23:24:07.994780+00:00 DEBUG 'ansible_navigator.main' ansible-navigator.exec.command not found in settings file
2024-03-05T23:24:07.994801+00:00 DEBUG 'ansible_navigator.main' ansible-navigator.exec.shell not found in settings file
2024-03-05T23:24:07.994821+00:00 DEBUG 'ansible_navigator.main' ansible-navigator.execution-environment.enabled not found in settings file
2024-03-05T23:24:07.994842+00:00 DEBUG 'ansible_navigator.main' ansible-navigator.execution-environment.image not found in settings file
2024-03-05T23:24:07.994862+00:00 DEBUG 'ansible_navigator.main' ansible-navigator.execution-environment.volume-mounts not found in settings file
2024-03-05T23:24:07.994882+00:00 DEBUG 'ansible_navigator.main' ansible-navigator.format not found in settings file
2024-03-05T23:24:07.994903+00:00 DEBUG 'ansible_navigator.main' ansible-navigator.ansible-builder.help not found in settings file
2024-03-05T23:24:07.994929+00:00 DEBUG 'ansible_navigator.main' ansible-navigator.ansible.config.help not found in settings file
2024-03-05T23:24:07.994979+00:00 DEBUG 'ansible_navigator.main' ansible-navigator.ansible.doc.help not found in settings file
2024-03-05T23:24:07.995028+00:00 DEBUG 'ansible_navigator.main' ansible-navigator.ansible.inventory.help not found in settings file
2024-03-05T23:24:07.995049+00:00 DEBUG 'ansible_navigator.main' ansible-navigator.ansible.playbook.help not found in settings file
2024-03-05T23:24:07.995070+00:00 DEBUG 'ansible_navigator.main' ansible-navigator.images.details not found in settings file
2024-03-05T23:24:07.995090+00:00 DEBUG 'ansible_navigator.main' ansible-navigator.ansible.inventory.entries not found in settings file
2024-03-05T23:24:07.995111+00:00 DEBUG 'ansible_navigator.main' ansible-navigator.inventory-columns not found in settings file
2024-03-05T23:24:07.995131+00:00 DEBUG 'ansible_navigator.main' ansible-navigator.ansible-lint.config not found in settings file
2024-03-05T23:24:07.995152+00:00 DEBUG 'ansible_navigator.main' ansible-navigator.ansible-lint.lintables not found in settings file
2024-03-05T23:24:07.995172+00:00 DEBUG 'ansible_navigator.main' ansible-navigator.logging.append not found in settings file
2024-03-05T23:24:07.995193+00:00 DEBUG 'ansible_navigator.main' ansible-navigator.logging.file not found in settings file
2024-03-05T23:24:07.995213+00:00 DEBUG 'ansible_navigator.main' ansible-navigator.logging.level not found in settings file
2024-03-05T23:24:07.995234+00:00 DEBUG 'ansible_navigator.main' ansible-navigator.mode not found in settings file
2024-03-05T23:24:07.995254+00:00 DEBUG 'ansible_navigator.main' ansible-navigator.color.osc4 not found in settings file
2024-03-05T23:24:07.995275+00:00 DEBUG 'ansible_navigator.main' ansible-navigator.execution-environment.environment-variables.pass not found in settings file
2024-03-05T23:24:07.995295+00:00 DEBUG 'ansible_navigator.main' ansible-navigator.ansible.playbook.path not found in settings file
2024-03-05T23:24:07.995316+00:00 DEBUG 'ansible_navigator.main' ansible-navigator.playbook-artifact.enable not found in settings file
2024-03-05T23:24:07.995336+00:00 DEBUG 'ansible_navigator.main' ansible-navigator.playbook-artifact.replay not found in settings file
2024-03-05T23:24:07.995357+00:00 DEBUG 'ansible_navigator.main' ansible-navigator.playbook-artifact.save-as not found in settings file
2024-03-05T23:24:07.995378+00:00 DEBUG 'ansible_navigator.main' ansible-navigator.ansible.doc.plugin.name not found in settings file
2024-03-05T23:24:07.995399+00:00 DEBUG 'ansible_navigator.main' ansible-navigator.ansible.doc.plugin.type not found in settings file
2024-03-05T23:24:07.995419+00:00 DEBUG 'ansible_navigator.main' ansible-navigator.execution-environment.pull.arguments not found in settings file
2024-03-05T23:24:07.995440+00:00 DEBUG 'ansible_navigator.main' ansible-navigator.execution-environment.pull.policy not found in settings file
2024-03-05T23:24:07.995460+00:00 DEBUG 'ansible_navigator.main' ansible-navigator.execution-environment.environment-variables.set not found in settings file
2024-03-05T23:24:07.995480+00:00 DEBUG 'ansible_navigator.main' ansible-navigator.settings.effective not found in settings file
2024-03-05T23:24:07.995501+00:00 DEBUG 'ansible_navigator.main' ansible-navigator.settings.sample not found in settings file
2024-03-05T23:24:07.995521+00:00 DEBUG 'ansible_navigator.main' ansible-navigator.settings.schema not found in settings file
2024-03-05T23:24:07.995541+00:00 DEBUG 'ansible_navigator.main' ansible-navigator.settings.sources not found in settings file
2024-03-05T23:24:07.995561+00:00 DEBUG 'ansible_navigator.main' ansible-navigator.time-zone not found in settings file
2024-03-05T23:24:07.995582+00:00 DEBUG 'ansible_navigator.main' ansible-navigator.ansible-builder.workdir not found in settings file
2024-03-05T23:24:07.995603+00:00 DEBUG 'ansible_navigator.main' EE support enabled: using current working directory for 'ansible.cfg'
2024-03-05T23:24:07.995628+00:00 INFO 'ansible_navigator.main' EE support enabled: found 'ansible.cfg' in current working directory.
2024-03-05T23:24:07.995650+00:00 DEBUG 'ansible_navigator.main' Completed post processing for ansible_runner_artifact_dir. (changed=False)
2024-03-05T23:24:07.995671+00:00 DEBUG 'ansible_navigator.main' Completed post processing for ansible_runner_rotate_artifacts_count. (changed=False)
2024-03-05T23:24:07.995693+00:00 DEBUG 'ansible_navigator.main' Completed post processing for ansible_runner_timeout. (changed=False)
2024-03-05T23:24:07.995714+00:00 DEBUG 'ansible_navigator.main' Completed post processing for cmdline. (changed=False)
2024-03-05T23:24:07.995735+00:00 DEBUG 'ansible_navigator.main' Completed post processing for collection_doc_cache_path. (changed=False)
2024-03-05T23:24:07.995755+00:00 DEBUG 'ansible_navigator.main' Completed post processing for container_engine. (changed=True)
2024-03-05T23:24:07.995776+00:00 DEBUG 'ansible_navigator.main'  before: 'auto'
2024-03-05T23:24:07.995796+00:00 DEBUG 'ansible_navigator.main'  after: 'podman'
2024-03-05T23:24:07.995817+00:00 DEBUG 'ansible_navigator.main' Completed post processing for container_options. (changed=False)
2024-03-05T23:24:07.995837+00:00 DEBUG 'ansible_navigator.main' Completed post processing for display_color. (changed=False)
2024-03-05T23:24:07.995857+00:00 DEBUG 'ansible_navigator.main' Completed post processing for enable_prompts. (changed=False)
2024-03-05T23:24:07.995878+00:00 DEBUG 'ansible_navigator.main' Completed post processing for execution_environment. (changed=False)
2024-03-05T23:24:07.995898+00:00 DEBUG 'ansible_navigator.main' Completed post processing for execution_environment_image. (changed=False)
2024-03-05T23:24:07.995919+00:00 DEBUG 'ansible_navigator.main' Completed post processing for help_builder. (changed=False)
2024-03-05T23:24:07.995965+00:00 DEBUG 'ansible_navigator.main' Completed post processing for help_config. (changed=False)
2024-03-05T23:24:07.995989+00:00 DEBUG 'ansible_navigator.main' Completed post processing for help_doc. (changed=False)
2024-03-05T23:24:07.996036+00:00 DEBUG 'ansible_navigator.main' Completed post processing for help_inventory. (changed=False)
2024-03-05T23:24:07.996056+00:00 DEBUG 'ansible_navigator.main' Completed post processing for help_playbook. (changed=False)
2024-03-05T23:24:07.996077+00:00 DEBUG 'ansible_navigator.main' Completed post processing for images_details. (changed=False)
2024-03-05T23:24:07.996097+00:00 DEBUG 'ansible_navigator.main' Completed post processing for inventory. (changed=False)
2024-03-05T23:24:07.996117+00:00 DEBUG 'ansible_navigator.main' Completed post processing for inventory_column. (changed=False)
2024-03-05T23:24:07.996137+00:00 DEBUG 'ansible_navigator.main' Completed post processing for log_file. (changed=False)
2024-03-05T23:24:07.996157+00:00 DEBUG 'ansible_navigator.main' Completed post processing for pass_environment_variable. (changed=False)
2024-03-05T23:24:07.996217+00:00 DEBUG 'ansible_navigator.main' Completed post processing for playbook. (changed=False)
2024-03-05T23:24:07.996240+00:00 DEBUG 'ansible_navigator.main' Completed post processing for playbook_artifact_replay. (changed=False)
2024-03-05T23:24:07.996260+00:00 DEBUG 'ansible_navigator.main' Completed post processing for playbook_artifact_save_as. (changed=False)
2024-03-05T23:24:07.996281+00:00 DEBUG 'ansible_navigator.main' Completed post processing for plugin_name. (changed=False)
2024-03-05T23:24:07.996301+00:00 DEBUG 'ansible_navigator.main' Completed post processing for pull_arguments. (changed=False)
2024-03-05T23:24:07.996321+00:00 DEBUG 'ansible_navigator.main' Completed post processing for set_environment_variable. (changed=False)
2024-03-05T23:24:07.996341+00:00 DEBUG 'ansible_navigator.main' Completed post processing for settings_effective. (changed=False)
2024-03-05T23:24:07.996362+00:00 DEBUG 'ansible_navigator.main' Completed post processing for settings_sample. (changed=False)
2024-03-05T23:24:07.996382+00:00 DEBUG 'ansible_navigator.main' Completed post processing for settings_schema. (changed=False)
2024-03-05T23:24:07.996408+00:00 DEBUG 'ansible_navigator.main' Completed post processing for settings_sources. (changed=False)
2024-03-05T23:24:07.996429+00:00 DEBUG 'ansible_navigator.main' Completed post processing for time_zone. (changed=False)
2024-03-05T23:24:07.996449+00:00 DEBUG 'ansible_navigator.main' Completed post processing for execution_environment_volume_mounts. (changed=False)
2024-03-05T23:24:07.996470+00:00 DEBUG 'ansible_navigator.main' Completed post processing for mode. (changed=False)
2024-03-05T23:24:07.996490+00:00 DEBUG 'ansible_navigator.main' Completed post processing for playbook_artifact_enable. (changed=False)
2024-03-05T23:24:07.996513+00:00 WARNING 'ansible_navigator.main' Configuration errors encountered, rolling back to previous configuration.
2024-03-05T23:24:07.996534+00:00 DEBUG 'ansible_navigator.main' Prior to rollback: ansible_runner_artifact_dir = 'Not set' (Constants/Not set)
2024-03-05T23:24:07.996555+00:00 DEBUG 'ansible_navigator.main' Prior to rollback: ansible_runner_rotate_artifacts_count = 'Not set' (Constants/Not set)
2024-03-05T23:24:07.996576+00:00 DEBUG 'ansible_navigator.main' Prior to rollback: ansible_runner_timeout = 'Not set' (Constants/Not set)
2024-03-05T23:24:07.996596+00:00 DEBUG 'ansible_navigator.main' Prior to rollback: ansible_runner_write_job_events = 'False' (bool/Defaults)
2024-03-05T23:24:07.996617+00:00 DEBUG 'ansible_navigator.main' Prior to rollback: app = 'doc' (str/Command line)
2024-03-05T23:24:07.996637+00:00 DEBUG 'ansible_navigator.main' Prior to rollback: cmdline = 'Not set' (Constants/Not set)
2024-03-05T23:24:07.996657+00:00 DEBUG 'ansible_navigator.main' Prior to rollback: collection_doc_cache_path = '/var/home/chris/.cache/ansible-navigator/collection_doc_cache.db' (str/Defaults)
2024-03-05T23:24:07.996678+00:00 DEBUG 'ansible_navigator.main' Prior to rollback: config = 'Not set' (Constants/Not set)
2024-03-05T23:24:07.996698+00:00 DEBUG 'ansible_navigator.main' Prior to rollback: container_engine = 'podman' (str/Automatically determined)
2024-03-05T23:24:07.996718+00:00 DEBUG 'ansible_navigator.main' Prior to rollback: container_options = 'Not set' (Constants/Not set)
2024-03-05T23:24:07.996739+00:00 DEBUG 'ansible_navigator.main' Prior to rollback: display_color = 'False' (bool/Settings file)
2024-03-05T23:24:07.996760+00:00 DEBUG 'ansible_navigator.main' Prior to rollback: editor_command = '/usr/bin/nvim {filename}' (str/Defaults)
2024-03-05T23:24:07.996780+00:00 DEBUG 'ansible_navigator.main' Prior to rollback: editor_console = 'True' (bool/Defaults)
2024-03-05T23:24:07.996800+00:00 DEBUG 'ansible_navigator.main' Prior to rollback: enable_prompts = 'False' (bool/Defaults)
2024-03-05T23:24:07.996820+00:00 DEBUG 'ansible_navigator.main' Prior to rollback: exec_command = '/bin/bash' (str/Defaults)
2024-03-05T23:24:07.996841+00:00 DEBUG 'ansible_navigator.main' Prior to rollback: exec_shell = 'True' (bool/Defaults)
2024-03-05T23:24:07.996861+00:00 DEBUG 'ansible_navigator.main' Prior to rollback: execution_environment = 'True' (bool/Defaults)
2024-03-05T23:24:07.996900+00:00 DEBUG 'ansible_navigator.main' Prior to rollback: execution_environment_image = 'ghcr.io/ansible/creator-ee:v0.22.0' (str/Defaults)
2024-03-05T23:24:07.997027+00:00 DEBUG 'ansible_navigator.main' Prior to rollback: execution_environment_volume_mounts = 'Not set' (Constants/Not set)
2024-03-05T23:24:07.997091+00:00 DEBUG 'ansible_navigator.main' Prior to rollback: format = 'yaml' (str/Defaults)
2024-03-05T23:24:07.997114+00:00 DEBUG 'ansible_navigator.main' Prior to rollback: help_builder = 'False' (bool/Defaults)
2024-03-05T23:24:07.997148+00:00 DEBUG 'ansible_navigator.main' Prior to rollback: help_config = 'False' (bool/Defaults)
2024-03-05T23:24:07.997169+00:00 DEBUG 'ansible_navigator.main' Prior to rollback: help_doc = 'False' (bool/Defaults)
2024-03-05T23:24:07.997191+00:00 DEBUG 'ansible_navigator.main' Prior to rollback: help_inventory = 'False' (bool/Defaults)
2024-03-05T23:24:07.997212+00:00 DEBUG 'ansible_navigator.main' Prior to rollback: help_playbook = 'False' (bool/Defaults)
2024-03-05T23:24:07.997252+00:00 DEBUG 'ansible_navigator.main' Prior to rollback: images_details = '['everything']' (list/Defaults)
2024-03-05T23:24:07.997274+00:00 DEBUG 'ansible_navigator.main' Prior to rollback: inventory = 'Not set' (Constants/Not set)
2024-03-05T23:24:07.997295+00:00 DEBUG 'ansible_navigator.main' Prior to rollback: inventory_column = 'Not set' (Constants/Not set)
2024-03-05T23:24:07.997315+00:00 DEBUG 'ansible_navigator.main' Prior to rollback: lint_config = 'Not set' (Constants/Not set)
2024-03-05T23:24:07.997335+00:00 DEBUG 'ansible_navigator.main' Prior to rollback: lintables = 'Not set' (Constants/Not set)
2024-03-05T23:24:07.997356+00:00 DEBUG 'ansible_navigator.main' Prior to rollback: log_append = 'True' (bool/Defaults)
2024-03-05T23:24:07.997376+00:00 DEBUG 'ansible_navigator.main' Prior to rollback: log_file = '/var/home/chris/Projects/ansible-for-devops/09_-_ansible_cookbooks/lamp-infrastructure/ansible-navigator.log' (str/Defaults)
2024-03-05T23:24:07.997397+00:00 DEBUG 'ansible_navigator.main' Prior to rollback: log_level = 'warning' (str/Defaults)
2024-03-05T23:24:07.997417+00:00 DEBUG 'ansible_navigator.main' Prior to rollback: mode = 'stdout' (str/Command line)
2024-03-05T23:24:07.997438+00:00 DEBUG 'ansible_navigator.main' Prior to rollback: osc4 = 'True' (bool/Defaults)
2024-03-05T23:24:07.997458+00:00 DEBUG 'ansible_navigator.main' Prior to rollback: pass_environment_variable = 'Not set' (Constants/Not set)
2024-03-05T23:24:07.997479+00:00 DEBUG 'ansible_navigator.main' Prior to rollback: playbook = 'Not set' (Constants/Not set)
2024-03-05T23:24:07.997500+00:00 DEBUG 'ansible_navigator.main' Prior to rollback: playbook_artifact_enable = 'True' (bool/Defaults)
2024-03-05T23:24:07.997520+00:00 DEBUG 'ansible_navigator.main' Prior to rollback: playbook_artifact_replay = 'Not set' (Constants/Not set)
2024-03-05T23:24:07.997541+00:00 DEBUG 'ansible_navigator.main' Prior to rollback: playbook_artifact_save_as = '{playbook_dir}/{playbook_name}-artifact-{time_stamp}.json' (str/Defaults)
2024-03-05T23:24:07.997561+00:00 DEBUG 'ansible_navigator.main' Prior to rollback: plugin_name = 'Not set' (Constants/Not set)
2024-03-05T23:24:07.997581+00:00 DEBUG 'ansible_navigator.main' Prior to rollback: plugin_type = 'module' (str/Defaults)
2024-03-05T23:24:07.997602+00:00 DEBUG 'ansible_navigator.main' Prior to rollback: pull_arguments = 'Not set' (Constants/Not set)
2024-03-05T23:24:07.997622+00:00 DEBUG 'ansible_navigator.main' Prior to rollback: pull_policy = 'tag' (str/Defaults)
2024-03-05T23:24:07.997642+00:00 DEBUG 'ansible_navigator.main' Prior to rollback: set_environment_variable = 'Not set' (Constants/Not set)
2024-03-05T23:24:07.997663+00:00 DEBUG 'ansible_navigator.main' Prior to rollback: settings_effective = 'False' (bool/Defaults)
2024-03-05T23:24:07.997683+00:00 DEBUG 'ansible_navigator.main' Prior to rollback: settings_sample = 'False' (bool/Defaults)
2024-03-05T23:24:07.997703+00:00 DEBUG 'ansible_navigator.main' Prior to rollback: settings_schema = 'json' (str/Defaults)
2024-03-05T23:24:07.997723+00:00 DEBUG 'ansible_navigator.main' Prior to rollback: settings_sources = 'False' (bool/Defaults)
2024-03-05T23:24:07.997743+00:00 DEBUG 'ansible_navigator.main' Prior to rollback: time_zone = 'UTC' (str/Defaults)
2024-03-05T23:24:07.997763+00:00 DEBUG 'ansible_navigator.main' Prior to rollback: workdir = '/var/home/chris/Projects/ansible-for-devops/09_-_ansible_cookbooks/lamp-infrastructure' (str/Defaults)
2024-03-05T23:24:07.997784+00:00 DEBUG 'ansible_navigator.main' After rollback: ansible_runner_artifact_dir = 'Not set' (Constants/Not set)
2024-03-05T23:24:07.997804+00:00 DEBUG 'ansible_navigator.main' After rollback: ansible_runner_rotate_artifacts_count = 'Not set' (Constants/Not set)
2024-03-05T23:24:07.997824+00:00 DEBUG 'ansible_navigator.main' After rollback: ansible_runner_timeout = 'Not set' (Constants/Not set)
2024-03-05T23:24:07.997845+00:00 DEBUG 'ansible_navigator.main' After rollback: ansible_runner_write_job_events = 'Not set' (Constants/Not set)
2024-03-05T23:24:07.997870+00:00 DEBUG 'ansible_navigator.main' After rollback: app = 'Not set' (Constants/Not set)
2024-03-05T23:24:07.997892+00:00 DEBUG 'ansible_navigator.main' After rollback: cmdline = 'Not set' (Constants/Not set)
2024-03-05T23:24:07.997912+00:00 DEBUG 'ansible_navigator.main' After rollback: collection_doc_cache_path = 'Not set' (Constants/Not set)
2024-03-05T23:24:07.997932+00:00 DEBUG 'ansible_navigator.main' After rollback: config = 'Not set' (Constants/Not set)
2024-03-05T23:24:07.997983+00:00 DEBUG 'ansible_navigator.main' After rollback: container_engine = 'Not set' (Constants/Not set)
2024-03-05T23:24:07.998005+00:00 DEBUG 'ansible_navigator.main' After rollback: container_options = 'Not set' (Constants/Not set)
2024-03-05T23:24:07.998055+00:00 DEBUG 'ansible_navigator.main' After rollback: display_color = 'Not set' (Constants/Not set)
2024-03-05T23:24:07.998075+00:00 DEBUG 'ansible_navigator.main' After rollback: editor_command = 'Not set' (Constants/Not set)
2024-03-05T23:24:07.998095+00:00 DEBUG 'ansible_navigator.main' After rollback: editor_console = 'Not set' (Constants/Not set)
2024-03-05T23:24:07.998115+00:00 DEBUG 'ansible_navigator.main' After rollback: enable_prompts = 'Not set' (Constants/Not set)
2024-03-05T23:24:07.998135+00:00 DEBUG 'ansible_navigator.main' After rollback: exec_command = 'Not set' (Constants/Not set)
2024-03-05T23:24:07.998154+00:00 DEBUG 'ansible_navigator.main' After rollback: exec_shell = 'Not set' (Constants/Not set)
2024-03-05T23:24:07.998175+00:00 DEBUG 'ansible_navigator.main' After rollback: execution_environment = 'Not set' (Constants/Not set)
2024-03-05T23:24:07.998195+00:00 DEBUG 'ansible_navigator.main' After rollback: execution_environment_image = 'Not set' (Constants/Not set)
2024-03-05T23:24:07.998215+00:00 DEBUG 'ansible_navigator.main' After rollback: execution_environment_volume_mounts = 'Not set' (Constants/Not set)
2024-03-05T23:24:07.998235+00:00 DEBUG 'ansible_navigator.main' After rollback: format = 'Not set' (Constants/Not set)
2024-03-05T23:24:07.998255+00:00 DEBUG 'ansible_navigator.main' After rollback: help_builder = 'Not set' (Constants/Not set)
2024-03-05T23:24:07.998275+00:00 DEBUG 'ansible_navigator.main' After rollback: help_config = 'Not set' (Constants/Not set)
2024-03-05T23:24:07.998295+00:00 DEBUG 'ansible_navigator.main' After rollback: help_doc = 'Not set' (Constants/Not set)
2024-03-05T23:24:07.998314+00:00 DEBUG 'ansible_navigator.main' After rollback: help_inventory = 'Not set' (Constants/Not set)
2024-03-05T23:24:07.998334+00:00 DEBUG 'ansible_navigator.main' After rollback: help_playbook = 'Not set' (Constants/Not set)
2024-03-05T23:24:07.998354+00:00 DEBUG 'ansible_navigator.main' After rollback: images_details = 'Not set' (Constants/Not set)
2024-03-05T23:24:07.998374+00:00 DEBUG 'ansible_navigator.main' After rollback: inventory = 'Not set' (Constants/Not set)
2024-03-05T23:24:07.998394+00:00 DEBUG 'ansible_navigator.main' After rollback: inventory_column = 'Not set' (Constants/Not set)
2024-03-05T23:24:07.998414+00:00 DEBUG 'ansible_navigator.main' After rollback: lint_config = 'Not set' (Constants/Not set)
2024-03-05T23:24:07.998434+00:00 DEBUG 'ansible_navigator.main' After rollback: lintables = 'Not set' (Constants/Not set)
2024-03-05T23:24:07.998454+00:00 DEBUG 'ansible_navigator.main' After rollback: log_append = 'Not set' (Constants/Not set)
2024-03-05T23:24:07.998474+00:00 DEBUG 'ansible_navigator.main' After rollback: log_file = 'Not set' (Constants/Not set)
2024-03-05T23:24:07.998494+00:00 DEBUG 'ansible_navigator.main' After rollback: log_level = 'Not set' (Constants/Not set)
2024-03-05T23:24:07.998514+00:00 DEBUG 'ansible_navigator.main' After rollback: mode = 'Not set' (Constants/Not set)
2024-03-05T23:24:07.998534+00:00 DEBUG 'ansible_navigator.main' After rollback: osc4 = 'Not set' (Constants/Not set)
2024-03-05T23:24:07.998554+00:00 DEBUG 'ansible_navigator.main' After rollback: pass_environment_variable = 'Not set' (Constants/Not set)
2024-03-05T23:24:07.998580+00:00 DEBUG 'ansible_navigator.main' After rollback: playbook = 'Not set' (Constants/Not set)
2024-03-05T23:24:07.998601+00:00 DEBUG 'ansible_navigator.main' After rollback: playbook_artifact_enable = 'Not set' (Constants/Not set)
2024-03-05T23:24:07.998621+00:00 DEBUG 'ansible_navigator.main' After rollback: playbook_artifact_replay = 'Not set' (Constants/Not set)
2024-03-05T23:24:07.998641+00:00 DEBUG 'ansible_navigator.main' After rollback: playbook_artifact_save_as = 'Not set' (Constants/Not set)
2024-03-05T23:24:07.998663+00:00 DEBUG 'ansible_navigator.main' After rollback: plugin_name = 'Not set' (Constants/Not set)
2024-03-05T23:24:07.998684+00:00 DEBUG 'ansible_navigator.main' After rollback: plugin_type = 'Not set' (Constants/Not set)
2024-03-05T23:24:07.998704+00:00 DEBUG 'ansible_navigator.main' After rollback: pull_arguments = 'Not set' (Constants/Not set)
2024-03-05T23:24:07.998724+00:00 DEBUG 'ansible_navigator.main' After rollback: pull_policy = 'Not set' (Constants/Not set)
2024-03-05T23:24:07.998744+00:00 DEBUG 'ansible_navigator.main' After rollback: set_environment_variable = 'Not set' (Constants/Not set)
2024-03-05T23:24:07.998764+00:00 DEBUG 'ansible_navigator.main' After rollback: settings_effective = 'Not set' (Constants/Not set)
2024-03-05T23:24:07.998784+00:00 DEBUG 'ansible_navigator.main' After rollback: settings_sample = 'Not set' (Constants/Not set)
2024-03-05T23:24:07.998804+00:00 DEBUG 'ansible_navigator.main' After rollback: settings_schema = 'Not set' (Constants/Not set)
2024-03-05T23:24:07.998825+00:00 DEBUG 'ansible_navigator.main' After rollback: settings_sources = 'Not set' (Constants/Not set)
2024-03-05T23:24:07.998845+00:00 DEBUG 'ansible_navigator.main' After rollback: time_zone = 'Not set' (Constants/Not set)
2024-03-05T23:24:07.998864+00:00 DEBUG 'ansible_navigator.main' After rollback: workdir = 'Not set' (Constants/Not set)
2024-03-05T23:24:07.998884+00:00 DEBUG 'ansible_navigator.main' Configuration rollback complete.
2024-03-05T23:24:07.998904+00:00 DEBUG 'ansible_navigator.main' Collection doc cache not mounted
2024-03-05T23:24:07.998932+00:00 WARNING 'ansible_navigator.main' Issues were found while applying the settings.
2024-03-05T23:24:07.998988+00:00 INFO 'ansible_navigator.main' Command provided: '--mode stdout doc'
2024-03-05T23:24:07.999043+00:00 ERROR 'ansible_navigator.main' A plugin name or other parameter is required when using the doc subcommand
2024-03-05T23:24:07.999107+00:00 INFO 'ansible_navigator.main' Try again with 'doc <plugin_name>'
2024-03-05T23:24:07.999173+00:00 INFO 'ansible_navigator.main' Configuration failed, using default log file location. (/var/home/chris/Projects/ansible-for-devops/09_-_ansible_cookbooks/lamp-infrastructure/ansible-navigator.log) Log level set to debug
2024-03-05T23:24:07.999249+00:00 INFO 'ansible_navigator.main' Review the hints and log file to see what went wrong.
